The target system is: Android - 9 - i686
The host system is: Linux - 4.4.0-42-generic - x86_64
Determining if the C compiler works passed with the following output:
Change Dir: /home/martin/AndroidStudioProjects/texture/textsynth/.externalNativeBuild/cmake/release/x86/CMakeFiles/CMakeTmp

Run Build Command:"/home/martin/Documents/android-sdk-linux/cmake/3.6.3155560/bin/ninja" "cmTC_fad20"
[1/2] Building C object CMakeFiles/cmTC_fad20.dir/testCCompiler.c.o
[2/2] Linking C executable cmTC_fad20


Detecting C compiler ABI info compiled with the following output:
Change Dir: /home/martin/AndroidStudioProjects/texture/textsynth/.externalNativeBuild/cmake/release/x86/CMakeFiles/CMakeTmp

Run Build Command:"/home/martin/Documents/android-sdk-linux/cmake/3.6.3155560/bin/ninja" "cmTC_59df8"
[1/2] Building C object CMakeFiles/cmTC_59df8.dir/CMakeCCompilerABI.c.o
[2/2] Linking C executable cmTC_59df8
Android clang version 3.8.256229  (based on LLVM 3.8.256229)
Target: i686-none-linux-android
Thread model: posix
InstalledDir: /home/martin/Documents/android-sdk-linux/ndk-bundle/toolchains/llvm/prebuilt/linux-x86_64/bin
Found candidate GCC installation: /home/martin/Documents/android-sdk-linux/ndk-bundle/toolchains/x86-4.9/prebuilt/linux-x86_64/lib/gcc/i686-linux-android/4.9.x
Selected GCC installation: /home/martin/Documents/android-sdk-linux/ndk-bundle/toolchains/x86-4.9/prebuilt/linux-x86_64/lib/gcc/i686-linux-android/4.9.x
Candidate multilib: .;@m32
Selected multilib: .;@m32
 "/home/martin/Documents/android-sdk-linux/ndk-bundle/toolchains/x86-4.9/prebuilt/linux-x86_64/lib/gcc/i686-linux-android/4.9.x/../../../../i686-linux-android/bin/ld" --sysroot=/home/martin/Documents/android-sdk-linux/ndk-bundle/platforms/android-9/arch-x86 -z relro --build-id --eh-frame-hdr -m elf_i386 -dynamic-linker /system/bin/linker -o cmTC_59df8 /home/martin/Documents/android-sdk-linux/ndk-bundle/platforms/android-9/arch-x86/usr/lib/crtbegin_dynamic.o -L/home/martin/Documents/android-sdk-linux/ndk-bundle/toolchains/x86-4.9/prebuilt/linux-x86_64/lib/gcc/i686-linux-android/4.9.x -L/home/martin/Documents/android-sdk-linux/ndk-bundle/toolchains/x86-4.9/prebuilt/linux-x86_64/lib/gcc/i686-linux-android/4.9.x/../../../../i686-linux-android/lib -L/home/martin/Documents/android-sdk-linux/ndk-bundle/platforms/android-9/arch-x86/usr/lib --build-id --warn-shared-textrel --fatal-warnings --no-undefined -z noexecstack -z relro -z now --gc-sections -z nocopyreloc --build-id --warn-shared-textrel --fatal-warnings --no-undefined -z noexecstack -z relro -z now --gc-sections -z nocopyreloc CMakeFiles/cmTC_59df8.dir/CMakeCCompilerABI.c.o -lgcc -ldl -lc -lgcc -ldl /home/martin/Documents/android-sdk-linux/ndk-bundle/platforms/android-9/arch-x86/usr/lib/crtend_android.o


Parsed C implicit link information from above output:
  link line regex: [^( *|.*[/\])(i686-linux-android-ld|([^/\]+-)?ld|collect2)[^/\]*( |$)]
  ignore line: [Change Dir: /home/martin/AndroidStudioProjects/texture/textsynth/.externalNativeBuild/cmake/release/x86/CMakeFiles/CMakeTmp]
  ignore line: []
  ignore line: [Run Build Command:"/home/martin/Documents/android-sdk-linux/cmake/3.6.3155560/bin/ninja" "cmTC_59df8"]
  ignore line: [[1/2] Building C object CMakeFiles/cmTC_59df8.dir/CMakeCCompilerABI.c.o]
  ignore line: [[2/2] Linking C executable cmTC_59df8]
  ignore line: [Android clang version 3.8.256229  (based on LLVM 3.8.256229)]
  ignore line: [Target: i686-none-linux-android]
  ignore line: [Thread model: posix]
  ignore line: [InstalledDir: /home/martin/Documents/android-sdk-linux/ndk-bundle/toolchains/llvm/prebuilt/linux-x86_64/bin]
  ignore line: [Found candidate GCC installation: /home/martin/Documents/android-sdk-linux/ndk-bundle/toolchains/x86-4.9/prebuilt/linux-x86_64/lib/gcc/i686-linux-android/4.9.x]
  ignore line: [Selected GCC installation: /home/martin/Documents/android-sdk-linux/ndk-bundle/toolchains/x86-4.9/prebuilt/linux-x86_64/lib/gcc/i686-linux-android/4.9.x]
  ignore line: [Candidate multilib: .]
  ignore line: [@m32]
  ignore line: [Selected multilib: .]
  ignore line: [@m32]
  link line: [ "/home/martin/Documents/android-sdk-linux/ndk-bundle/toolchains/x86-4.9/prebuilt/linux-x86_64/lib/gcc/i686-linux-android/4.9.x/../../../../i686-linux-android/bin/ld" --sysroot=/home/martin/Documents/android-sdk-linux/ndk-bundle/platforms/android-9/arch-x86 -z relro --build-id --eh-frame-hdr -m elf_i386 -dynamic-linker /system/bin/linker -o cmTC_59df8 /home/martin/Documents/android-sdk-linux/ndk-bundle/platforms/android-9/arch-x86/usr/lib/crtbegin_dynamic.o -L/home/martin/Documents/android-sdk-linux/ndk-bundle/toolchains/x86-4.9/prebuilt/linux-x86_64/lib/gcc/i686-linux-android/4.9.x -L/home/martin/Documents/android-sdk-linux/ndk-bundle/toolchains/x86-4.9/prebuilt/linux-x86_64/lib/gcc/i686-linux-android/4.9.x/../../../../i686-linux-android/lib -L/home/martin/Documents/android-sdk-linux/ndk-bundle/platforms/android-9/arch-x86/usr/lib --build-id --warn-shared-textrel --fatal-warnings --no-undefined -z noexecstack -z relro -z now --gc-sections -z nocopyreloc --build-id --warn-shared-textrel --fatal-warnings --no-undefined -z noexecstack -z relro -z now --gc-sections -z nocopyreloc CMakeFiles/cmTC_59df8.dir/CMakeCCompilerABI.c.o -lgcc -ldl -lc -lgcc -ldl /home/martin/Documents/android-sdk-linux/ndk-bundle/platforms/android-9/arch-x86/usr/lib/crtend_android.o]
    arg [/home/martin/Documents/android-sdk-linux/ndk-bundle/toolchains/x86-4.9/prebuilt/linux-x86_64/lib/gcc/i686-linux-android/4.9.x/../../../../i686-linux-android/bin/ld] ==> ignore
    arg [--sysroot=/home/martin/Documents/android-sdk-linux/ndk-bundle/platforms/android-9/arch-x86] ==> ignore
    arg [-zrelro] ==> ignore
    arg [--build-id] ==> ignore
    arg [--eh-frame-hdr] ==> ignore
    arg [-m] ==> ignore
    arg [elf_i386] ==> ignore
    arg [-dynamic-linker] ==> ignore
    arg [/system/bin/linker] ==> ignore
    arg [-o] ==> ignore
    arg [cmTC_59df8] ==> ignore
    arg [/home/martin/Documents/android-sdk-linux/ndk-bundle/platforms/android-9/arch-x86/usr/lib/crtbegin_dynamic.o] ==> ignore
    arg [-L/home/martin/Documents/android-sdk-linux/ndk-bundle/toolchains/x86-4.9/prebuilt/linux-x86_64/lib/gcc/i686-linux-android/4.9.x] ==> dir [/home/martin/Documents/android-sdk-linux/ndk-bundle/toolchains/x86-4.9/prebuilt/linux-x86_64/lib/gcc/i686-linux-android/4.9.x]
    arg [-L/home/martin/Documents/android-sdk-linux/ndk-bundle/toolchains/x86-4.9/prebuilt/linux-x86_64/lib/gcc/i686-linux-android/4.9.x/../../../../i686-linux-android/lib] ==> dir [/home/martin/Documents/android-sdk-linux/ndk-bundle/toolchains/x86-4.9/prebuilt/linux-x86_64/lib/gcc/i686-linux-android/4.9.x/../../../../i686-linux-android/lib]
    arg [-L/home/martin/Documents/android-sdk-linux/ndk-bundle/platforms/android-9/arch-x86/usr/lib] ==> dir [/home/martin/Documents/android-sdk-linux/ndk-bundle/platforms/android-9/arch-x86/usr/lib]
    arg [--build-id] ==> ignore
    arg [--warn-shared-textrel] ==> ignore
    arg [--fatal-warnings] ==> ignore
    arg [--no-undefined] ==> ignore
    arg [-znoexecstack] ==> ignore
    arg [-zrelro] ==> ignore
    arg [-znow] ==> ignore
    arg [--gc-sections] ==> ignore
    arg [-znocopyreloc] ==> ignore
    arg [--build-id] ==> ignore
    arg [--warn-shared-textrel] ==> ignore
    arg [--fatal-warnings] ==> ignore
    arg [--no-undefined] ==> ignore
    arg [-znoexecstack] ==> ignore
    arg [-zrelro] ==> ignore
    arg [-znow] ==> ignore
    arg [--gc-sections] ==> ignore
    arg [-znocopyreloc] ==> ignore
    arg [CMakeFiles/cmTC_59df8.dir/CMakeCCompilerABI.c.o] ==> ignore
    arg [-lgcc] ==> lib [gcc]
    arg [-ldl] ==> lib [dl]
    arg [-lc] ==> lib [c]
    arg [-lgcc] ==> lib [gcc]
    arg [-ldl] ==> lib [dl]
    arg [/home/martin/Documents/android-sdk-linux/ndk-bundle/platforms/android-9/arch-x86/usr/lib/crtend_android.o] ==> ignore
  remove lib [gcc]
  remove lib [gcc]
  collapse library dir [/home/martin/Documents/android-sdk-linux/ndk-bundle/toolchains/x86-4.9/prebuilt/linux-x86_64/lib/gcc/i686-linux-android/4.9.x] ==> [/home/martin/Documents/android-sdk-linux/ndk-bundle/toolchains/x86-4.9/prebuilt/linux-x86_64/lib/gcc/i686-linux-android/4.9.x]
  collapse library dir [/home/martin/Documents/android-sdk-linux/ndk-bundle/toolchains/x86-4.9/prebuilt/linux-x86_64/lib/gcc/i686-linux-android/4.9.x/../../../../i686-linux-android/lib] ==> [/home/martin/Documents/android-sdk-linux/ndk-bundle/toolchains/x86-4.9/prebuilt/linux-x86_64/i686-linux-android/lib]
  collapse library dir [/home/martin/Documents/android-sdk-linux/ndk-bundle/platforms/android-9/arch-x86/usr/lib] ==> [/home/martin/Documents/android-sdk-linux/ndk-bundle/platforms/android-9/arch-x86/usr/lib]
  implicit libs: [dl;c;dl]
  implicit dirs: [/home/martin/Documents/android-sdk-linux/ndk-bundle/toolchains/x86-4.9/prebuilt/linux-x86_64/lib/gcc/i686-linux-android/4.9.x;/home/martin/Documents/android-sdk-linux/ndk-bundle/toolchains/x86-4.9/prebuilt/linux-x86_64/i686-linux-android/lib;/home/martin/Documents/android-sdk-linux/ndk-bundle/platforms/android-9/arch-x86/usr/lib]
  implicit fwks: []


Determining if the CXX compiler works passed with the following output:
Change Dir: /home/martin/AndroidStudioProjects/texture/textsynth/.externalNativeBuild/cmake/release/x86/CMakeFiles/CMakeTmp

Run Build Command:"/home/martin/Documents/android-sdk-linux/cmake/3.6.3155560/bin/ninja" "cmTC_c3a48"
[1/2] Building CXX object CMakeFiles/cmTC_c3a48.dir/testCXXCompiler.cxx.o
[2/2] Linking CXX executable cmTC_c3a48


Detecting CXX compiler ABI info compiled with the following output:
Change Dir: /home/martin/AndroidStudioProjects/texture/textsynth/.externalNativeBuild/cmake/release/x86/CMakeFiles/CMakeTmp

Run Build Command:"/home/martin/Documents/android-sdk-linux/cmake/3.6.3155560/bin/ninja" "cmTC_ba15f"
[1/2] Building CXX object CMakeFiles/cmTC_ba15f.dir/CMakeCXXCompilerABI.cpp.o
[2/2] Linking CXX executable cmTC_ba15f
Android clang version 3.8.256229  (based on LLVM 3.8.256229)
Target: i686-none-linux-android
Thread model: posix
InstalledDir: /home/martin/Documents/android-sdk-linux/ndk-bundle/toolchains/llvm/prebuilt/linux-x86_64/bin
Found candidate GCC installation: /home/martin/Documents/android-sdk-linux/ndk-bundle/toolchains/x86-4.9/prebuilt/linux-x86_64/lib/gcc/i686-linux-android/4.9.x
Selected GCC installation: /home/martin/Documents/android-sdk-linux/ndk-bundle/toolchains/x86-4.9/prebuilt/linux-x86_64/lib/gcc/i686-linux-android/4.9.x
Candidate multilib: .;@m32
Selected multilib: .;@m32
 "/home/martin/Documents/android-sdk-linux/ndk-bundle/toolchains/x86-4.9/prebuilt/linux-x86_64/lib/gcc/i686-linux-android/4.9.x/../../../../i686-linux-android/bin/ld" --sysroot=/home/martin/Documents/android-sdk-linux/ndk-bundle/platforms/android-9/arch-x86 -z relro --build-id --eh-frame-hdr -m elf_i386 -dynamic-linker /system/bin/linker -o cmTC_ba15f /home/martin/Documents/android-sdk-linux/ndk-bundle/platforms/android-9/arch-x86/usr/lib/crtbegin_dynamic.o -L/home/martin/Documents/android-sdk-linux/ndk-bundle/toolchains/x86-4.9/prebuilt/linux-x86_64/lib/gcc/i686-linux-android/4.9.x -L/home/martin/Documents/android-sdk-linux/ndk-bundle/toolchains/x86-4.9/prebuilt/linux-x86_64/lib/gcc/i686-linux-android/4.9.x/../../../../i686-linux-android/lib -L/home/martin/Documents/android-sdk-linux/ndk-bundle/platforms/android-9/arch-x86/usr/lib --build-id --warn-shared-textrel --fatal-warnings --no-undefined -z noexecstack -z relro -z now --gc-sections -z nocopyreloc --build-id --warn-shared-textrel --fatal-warnings --no-undefined -z noexecstack -z relro -z now --gc-sections -z nocopyreloc CMakeFiles/cmTC_ba15f.dir/CMakeCXXCompilerABI.cpp.o -lstdc++ -lm -lgcc -lgcc -ldl -lc -lgcc -lgcc -ldl /home/martin/Documents/android-sdk-linux/ndk-bundle/platforms/android-9/arch-x86/usr/lib/crtend_android.o


Parsed CXX implicit link information from above output:
  link line regex: [^( *|.*[/\])(i686-linux-android-ld|([^/\]+-)?ld|collect2)[^/\]*( |$)]
  ignore line: [Change Dir: /home/martin/AndroidStudioProjects/texture/textsynth/.externalNativeBuild/cmake/release/x86/CMakeFiles/CMakeTmp]
  ignore line: []
  ignore line: [Run Build Command:"/home/martin/Documents/android-sdk-linux/cmake/3.6.3155560/bin/ninja" "cmTC_ba15f"]
  ignore line: [[1/2] Building CXX object CMakeFiles/cmTC_ba15f.dir/CMakeCXXCompilerABI.cpp.o]
  ignore line: [[2/2] Linking CXX executable cmTC_ba15f]
  ignore line: [Android clang version 3.8.256229  (based on LLVM 3.8.256229)]
  ignore line: [Target: i686-none-linux-android]
  ignore line: [Thread model: posix]
  ignore line: [InstalledDir: /home/martin/Documents/android-sdk-linux/ndk-bundle/toolchains/llvm/prebuilt/linux-x86_64/bin]
  ignore line: [Found candidate GCC installation: /home/martin/Documents/android-sdk-linux/ndk-bundle/toolchains/x86-4.9/prebuilt/linux-x86_64/lib/gcc/i686-linux-android/4.9.x]
  ignore line: [Selected GCC installation: /home/martin/Documents/android-sdk-linux/ndk-bundle/toolchains/x86-4.9/prebuilt/linux-x86_64/lib/gcc/i686-linux-android/4.9.x]
  ignore line: [Candidate multilib: .]
  ignore line: [@m32]
  ignore line: [Selected multilib: .]
  ignore line: [@m32]
  link line: [ "/home/martin/Documents/android-sdk-linux/ndk-bundle/toolchains/x86-4.9/prebuilt/linux-x86_64/lib/gcc/i686-linux-android/4.9.x/../../../../i686-linux-android/bin/ld" --sysroot=/home/martin/Documents/android-sdk-linux/ndk-bundle/platforms/android-9/arch-x86 -z relro --build-id --eh-frame-hdr -m elf_i386 -dynamic-linker /system/bin/linker -o cmTC_ba15f /home/martin/Documents/android-sdk-linux/ndk-bundle/platforms/android-9/arch-x86/usr/lib/crtbegin_dynamic.o -L/home/martin/Documents/android-sdk-linux/ndk-bundle/toolchains/x86-4.9/prebuilt/linux-x86_64/lib/gcc/i686-linux-android/4.9.x -L/home/martin/Documents/android-sdk-linux/ndk-bundle/toolchains/x86-4.9/prebuilt/linux-x86_64/lib/gcc/i686-linux-android/4.9.x/../../../../i686-linux-android/lib -L/home/martin/Documents/android-sdk-linux/ndk-bundle/platforms/android-9/arch-x86/usr/lib --build-id --warn-shared-textrel --fatal-warnings --no-undefined -z noexecstack -z relro -z now --gc-sections -z nocopyreloc --build-id --warn-shared-textrel --fatal-warnings --no-undefined -z noexecstack -z relro -z now --gc-sections -z nocopyreloc CMakeFiles/cmTC_ba15f.dir/CMakeCXXCompilerABI.cpp.o -lstdc++ -lm -lgcc -lgcc -ldl -lc -lgcc -lgcc -ldl /home/martin/Documents/android-sdk-linux/ndk-bundle/platforms/android-9/arch-x86/usr/lib/crtend_android.o]
    arg [/home/martin/Documents/android-sdk-linux/ndk-bundle/toolchains/x86-4.9/prebuilt/linux-x86_64/lib/gcc/i686-linux-android/4.9.x/../../../../i686-linux-android/bin/ld] ==> ignore
    arg [--sysroot=/home/martin/Documents/android-sdk-linux/ndk-bundle/platforms/android-9/arch-x86] ==> ignore
    arg [-zrelro] ==> ignore
    arg [--build-id] ==> ignore
    arg [--eh-frame-hdr] ==> ignore
    arg [-m] ==> ignore
    arg [elf_i386] ==> ignore
    arg [-dynamic-linker] ==> ignore
    arg [/system/bin/linker] ==> ignore
    arg [-o] ==> ignore
    arg [cmTC_ba15f] ==> ignore
    arg [/home/martin/Documents/android-sdk-linux/ndk-bundle/platforms/android-9/arch-x86/usr/lib/crtbegin_dynamic.o] ==> ignore
    arg [-L/home/martin/Documents/android-sdk-linux/ndk-bundle/toolchains/x86-4.9/prebuilt/linux-x86_64/lib/gcc/i686-linux-android/4.9.x] ==> dir [/home/martin/Documents/android-sdk-linux/ndk-bundle/toolchains/x86-4.9/prebuilt/linux-x86_64/lib/gcc/i686-linux-android/4.9.x]
    arg [-L/home/martin/Documents/android-sdk-linux/ndk-bundle/toolchains/x86-4.9/prebuilt/linux-x86_64/lib/gcc/i686-linux-android/4.9.x/../../../../i686-linux-android/lib] ==> dir [/home/martin/Documents/android-sdk-linux/ndk-bundle/toolchains/x86-4.9/prebuilt/linux-x86_64/lib/gcc/i686-linux-android/4.9.x/../../../../i686-linux-android/lib]
    arg [-L/home/martin/Documents/android-sdk-linux/ndk-bundle/platforms/android-9/arch-x86/usr/lib] ==> dir [/home/martin/Documents/android-sdk-linux/ndk-bundle/platforms/android-9/arch-x86/usr/lib]
    arg [--build-id] ==> ignore
    arg [--warn-shared-textrel] ==> ignore
    arg [--fatal-warnings] ==> ignore
    arg [--no-undefined] ==> ignore
    arg [-znoexecstack] ==> ignore
    arg [-zrelro] ==> ignore
    arg [-znow] ==> ignore
    arg [--gc-sections] ==> ignore
    arg [-znocopyreloc] ==> ignore
    arg [--build-id] ==> ignore
    arg [--warn-shared-textrel] ==> ignore
    arg [--fatal-warnings] ==> ignore
    arg [--no-undefined] ==> ignore
    arg [-znoexecstack] ==> ignore
    arg [-zrelro] ==> ignore
    arg [-znow] ==> ignore
    arg [--gc-sections] ==> ignore
    arg [-znocopyreloc] ==> ignore
    arg [CMakeFiles/cmTC_ba15f.dir/CMakeCXXCompilerABI.cpp.o] ==> ignore
    arg [-lstdc++] ==> lib [stdc++]
    arg [-lm] ==> lib [m]
    arg [-lgcc] ==> lib [gcc]
    arg [-lgcc] ==> lib [gcc]
    arg [-ldl] ==> lib [dl]
    arg [-lc] ==> lib [c]
    arg [-lgcc] ==> lib [gcc]
    arg [-lgcc] ==> lib [gcc]
    arg [-ldl] ==> lib [dl]
    arg [/home/martin/Documents/android-sdk-linux/ndk-bundle/platforms/android-9/arch-x86/usr/lib/crtend_android.o] ==> ignore
  remove lib [gcc]
  remove lib [gcc]
  remove lib [gcc]
  remove lib [gcc]
  collapse library dir [/home/martin/Documents/android-sdk-linux/ndk-bundle/toolchains/x86-4.9/prebuilt/linux-x86_64/lib/gcc/i686-linux-android/4.9.x] ==> [/home/martin/Documents/android-sdk-linux/ndk-bundle/toolchains/x86-4.9/prebuilt/linux-x86_64/lib/gcc/i686-linux-android/4.9.x]
  collapse library dir [/home/martin/Documents/android-sdk-linux/ndk-bundle/toolchains/x86-4.9/prebuilt/linux-x86_64/lib/gcc/i686-linux-android/4.9.x/../../../../i686-linux-android/lib] ==> [/home/martin/Documents/android-sdk-linux/ndk-bundle/toolchains/x86-4.9/prebuilt/linux-x86_64/i686-linux-android/lib]
  collapse library dir [/home/martin/Documents/android-sdk-linux/ndk-bundle/platforms/android-9/arch-x86/usr/lib] ==> [/home/martin/Documents/android-sdk-linux/ndk-bundle/platforms/android-9/arch-x86/usr/lib]
  implicit libs: [stdc++;m;dl;c;dl]
  implicit dirs: [/home/martin/Documents/android-sdk-linux/ndk-bundle/toolchains/x86-4.9/prebuilt/linux-x86_64/lib/gcc/i686-linux-android/4.9.x;/home/martin/Documents/android-sdk-linux/ndk-bundle/toolchains/x86-4.9/prebuilt/linux-x86_64/i686-linux-android/lib;/home/martin/Documents/android-sdk-linux/ndk-bundle/platforms/android-9/arch-x86/usr/lib]
  implicit fwks: []


